2023-10-05 12:00:29		ocr ß∞‹£° "D:\Work\poke-2\res\img\1.png"
2023-10-05 12:01:01		ocr ß∞‹£° "D:\Work\poke-2\res\img\1.png"
2023-10-05 12:55:28		ocr ß∞‹£° "D:\Work\poke-2\res\img\after_sweet_betton.bmp"
2023-10-05 12:56:48		ocr ß∞‹£° "D:\Work\poke-2\res\img\after_sweet_betton.bmp"
2023-10-05 13:01:44		ocr ß∞‹£° "D:\Work\poke-2\res\img\after_sweet_betton.bmp"
2023-10-05 13:02:10		ocr ß∞‹£° "D:\Work\poke-2\res\img\after_sweet_betton.bmp"
2023-10-05 13:02:24		ocr ß∞‹£° "D:\Work\poke-2\res\img\after_sweet_betton.bmp"
2023-10-05 13:03:40		ocr ß∞‹£° "D:\Work\poke-2\res\img\after_sweet_betton.bmp"
2023-10-05 13:04:02		ocr ß∞‹£° "D:\Work\poke-2\res\img\after_sweet_betton.bmp"
2023-10-05 13:05:50		ocr ß∞‹£° "D:\Work\poke-2\res\img\after_sweet_betton.bmp"
2023-10-05 13:06:04		ocr ß∞‹£° "D:\Work\poke-2\res\img\after_sweet_top.bmp"
2023-10-05 13:06:04		ocr ß∞‹£° "D:\Work\poke-2\res\img\after_sweet_betton.bmp"
2023-10-05 13:06:20		ocr ß∞‹£° "D:\Work\poke-2\res\img\after_sweet_top.bmp"
2023-10-05 13:06:34		ocr ß∞‹£° "D:\Work\poke-2\res\img\after_sweet_betton.bmp"
2023-10-05 13:08:45		ocr ß∞‹£° "D:\Work\poke-2\res\img\after_sweet_betton.bmp"
2023-10-05 13:09:16		ocr ß∞‹£° "D:\Work\poke-2\res\img\after_sweet_top.bmp"
2023-10-05 13:09:30		ocr ß∞‹£° "D:\Work\poke-2\res\img\after_sweet_top.bmp"
2023-10-05 13:09:30		ocr ß∞‹£° "D:\Work\poke-2\res\img\after_sweet_betton.bmp"
2023-10-05 13:15:13		ocr ß∞‹£° "D:\Work\poke-2\res\img\after_sweet_betton.bmp"
2023-10-05 13:19:10		ocr ß∞‹£° "D:\Work\poke-2\res\img\after_sweet_top.bmp"
2023-10-05 13:19:10		ocr ß∞‹£° "D:\Work\poke-2\res\img\after_sweet_betton.bmp"
2023-10-05 13:19:30		ocr ß∞‹£° "D:\Work\poke-2\res\img\after_sweet_betton.bmp"
2023-10-05 13:20:09		ocr ß∞‹£° "D:\Work\poke-2\res\img\after_sweet_betton.bmp"
2023-10-05 14:27:16		ocr ß∞‹£° "D:\Work\poke-2\res\img\1.png"
2023-10-05 14:31:58		ocr ß∞‹£° "D:\Work\poke-2\bag.bmp"
2023-10-05 14:34:20		ocr ß∞‹£° "D:\Work\poke-2\bag.bmp"
2023-10-05 14:34:22		ocr ß∞‹£° "D:\Work\poke-2\bag.bmp"
2023-10-05 14:34:24		ocr ß∞‹£° "D:\Work\poke-2\bag.bmp"
2023-10-05 14:34:26		ocr ß∞‹£° "D:\Work\poke-2\bag.bmp"
2023-10-05 14:34:28		ocr ß∞‹£° "D:\Work\poke-2\bag.bmp"
2023-10-05 14:34:31		ocr ß∞‹£° "D:\Work\poke-2\bag.bmp"
2023-10-05 14:34:33		ocr ß∞‹£° "D:\Work\poke-2\bag.bmp"
2023-10-05 14:34:35		ocr ß∞‹£° "D:\Work\poke-2\bag.bmp"
2023-10-05 14:34:37		ocr ß∞‹£° "D:\Work\poke-2\bag.bmp"
2023-10-05 14:34:39		ocr ß∞‹£° "D:\Work\poke-2\bag.bmp"
2023-10-05 14:36:38		ocr ß∞‹£° "D:\Work\poke-2\res\img\bag.bmp"
2023-10-05 14:36:39		ocr ß∞‹£° "D:\Work\poke-2\res\img\bag.bmp"
2023-10-05 14:36:40		ocr ß∞‹£° "D:\Work\poke-2\res\img\bag.bmp"
2023-10-05 14:36:41		ocr ß∞‹£° "D:\Work\poke-2\res\img\bag.bmp"
2023-10-05 14:36:42		ocr ß∞‹£° "D:\Work\poke-2\res\img\bag.bmp"
2023-10-05 14:36:43		ocr ß∞‹£° "D:\Work\poke-2\res\img\bag.bmp"
2023-10-05 14:36:44		ocr ß∞‹£° "D:\Work\poke-2\res\img\bag.bmp"
2023-10-05 14:36:45		ocr ß∞‹£° "D:\Work\poke-2\res\img\bag.bmp"
2023-10-05 14:36:46		ocr ß∞‹£° "D:\Work\poke-2\res\img\bag.bmp"
2023-10-05 14:36:47		ocr ß∞‹£° "D:\Work\poke-2\res\img\bag.bmp"
2023-10-05 14:36:48		ocr ß∞‹£° "D:\Work\poke-2\res\img\bag.bmp"
2023-10-05 14:36:49		ocr ß∞‹£° "D:\Work\poke-2\res\img\bag.bmp"
2023-10-05 14:36:50		ocr ß∞‹£° "D:\Work\poke-2\res\img\bag.bmp"
2023-10-05 14:36:51		ocr ß∞‹£° "D:\Work\poke-2\res\img\bag.bmp"
2023-10-05 14:36:52		ocr ß∞‹£° "D:\Work\poke-2\res\img\bag.bmp"
2023-10-05 14:36:53		ocr ß∞‹£° "D:\Work\poke-2\res\img\bag.bmp"
2023-10-05 14:36:54		ocr ß∞‹£° "D:\Work\poke-2\res\img\bag.bmp"
2023-10-05 14:38:02		ocr ß∞‹£° "D:\Work\poke-2\res\img\bag.bmp"
2023-10-05 14:38:03		ocr ß∞‹£° "D:\Work\poke-2\res\img\bag.bmp"
2023-10-05 14:38:04		ocr ß∞‹£° "D:\Work\poke-2\res\img\bag.bmp"
2023-10-05 14:38:05		ocr ß∞‹£° "D:\Work\poke-2\res\img\bag.bmp"
2023-10-05 14:38:06		ocr ß∞‹£° "D:\Work\poke-2\res\img\bag.bmp"
2023-10-05 14:38:07		ocr ß∞‹£° "D:\Work\poke-2\res\img\bag.bmp"
2023-10-05 14:38:08		ocr ß∞‹£° "D:\Work\poke-2\res\img\bag.bmp"
2023-10-05 14:38:09		ocr ß∞‹£° "D:\Work\poke-2\res\img\bag.bmp"
2023-10-05 14:38:10		ocr ß∞‹£° "D:\Work\poke-2\res\img\bag.bmp"
2023-10-05 14:38:11		ocr ß∞‹£° "D:\Work\poke-2\res\img\bag.bmp"
2023-10-05 14:38:12		ocr ß∞‹£° "D:\Work\poke-2\res\img\bag.bmp"
2023-10-05 14:38:13		ocr ß∞‹£° "D:\Work\poke-2\res\img\bag.bmp"
2023-10-05 14:38:14		ocr ß∞‹£° "D:\Work\poke-2\res\img\bag.bmp"
2023-10-05 14:38:16		ocr ß∞‹£° "D:\Work\poke-2\res\img\bag.bmp"
2023-10-05 14:39:16		ocr ß∞‹£° "D:\Work\poke-2\res\img\bag.bmp"
2023-10-05 14:39:17		ocr ß∞‹£° "D:\Work\poke-2\res\img\bag.bmp"
2023-10-05 14:39:18		ocr ß∞‹£° "D:\Work\poke-2\res\img\bag.bmp"
2023-10-05 14:39:19		ocr ß∞‹£° "D:\Work\poke-2\res\img\bag.bmp"
2023-10-05 14:39:21		ocr ß∞‹£° "D:\Work\poke-2\res\img\bag.bmp"
2023-10-05 14:39:22		ocr ß∞‹£° "D:\Work\poke-2\res\img\bag.bmp"
2023-10-05 14:39:23		ocr ß∞‹£° "D:\Work\poke-2\res\img\bag.bmp"
2023-10-05 14:39:24		ocr ß∞‹£° "D:\Work\poke-2\res\img\bag.bmp"
2023-10-05 14:39:25		ocr ß∞‹£° "D:\Work\poke-2\res\img\bag.bmp"
2023-10-05 14:39:26		ocr ß∞‹£° "D:\Work\poke-2\res\img\bag.bmp"
2023-10-05 14:41:59		ocr ß∞‹£° "D:\Work\poke-2\res\img\bag.bmp"
2023-10-05 14:42:00		ocr ß∞‹£° "D:\Work\poke-2\res\img\bag.bmp"
2023-10-05 14:42:01		ocr ß∞‹£° "D:\Work\poke-2\res\img\bag.bmp"
2023-10-05 14:42:02		ocr ß∞‹£° "D:\Work\poke-2\res\img\bag.bmp"
2023-10-05 14:42:03		ocr ß∞‹£° "D:\Work\poke-2\res\img\bag.bmp"
2023-10-05 14:42:04		ocr ß∞‹£° "D:\Work\poke-2\res\img\bag.bmp"
2023-10-05 14:42:05		ocr ß∞‹£° "D:\Work\poke-2\res\img\bag.bmp"
2023-10-05 14:42:06		ocr ß∞‹£° "D:\Work\poke-2\res\img\bag.bmp"
2023-10-05 14:42:07		ocr ß∞‹£° "D:\Work\poke-2\res\img\bag.bmp"
2023-10-05 14:42:08		ocr ß∞‹£° "D:\Work\poke-2\res\img\bag.bmp"
2023-10-05 14:42:09		ocr ß∞‹£° "D:\Work\poke-2\res\img\bag.bmp"
2023-10-05 14:42:10		ocr ß∞‹£° "D:\Work\poke-2\res\img\bag.bmp"
2023-10-05 14:42:11		ocr ß∞‹£° "D:\Work\poke-2\res\img\bag.bmp"
2023-10-05 14:42:12		ocr ß∞‹£° "D:\Work\poke-2\res\img\bag.bmp"
2023-10-05 14:42:13		ocr ß∞‹£° "D:\Work\poke-2\res\img\bag.bmp"
2023-10-05 14:42:14		ocr ß∞‹£° "D:\Work\poke-2\res\img\bag.bmp"
2023-10-05 14:52:21		ocr ß∞‹£° "D:\Work\poke-2\res\img\1.png"
2023-10-05 15:34:30		ocr ß∞‹£° "D:\Work\poke-2\res\img\1.png"
2023-10-06 14:20:41		ocr ß∞‹£° "D:\Work\poke-2\res\img\1.png"
2023-10-06 14:31:55		ocr ß∞‹£° "D:\Work\poke-2\res\img\come_back_blood.bmp"
2023-10-06 14:32:25		ocr ß∞‹£° "D:\Work\poke-2\res\img\come_back_blood.bmp"
2023-10-06 14:32:26		ocr ß∞‹£° "D:\Work\poke-2\res\img\come_back_blood.bmp"
2023-10-06 14:33:11		ocr ß∞‹£° "D:\Work\poke-2\res\img\come_back_blood.bmp"
2023-10-06 14:36:48		ocr ß∞‹£° "D:\Work\poke-2\res\img\come_back_blood.bmp"
2023-10-06 14:53:01		ocr ß∞‹£° "D:\Work\poke-2\res\img\come_back_blood.bmp"
2023-10-06 14:53:04		ocr ß∞‹£° "D:\Work\poke-2\res\img\come_back_blood.bmp"
2023-10-06 15:18:42		ocr ß∞‹£° "D:\Work\poke-2\res\img\1.png"
2023-10-06 15:31:17		ocr ß∞‹£° "D:\Work\poke-2\res\img\cut_tree.bmp"
2023-10-06 15:31:19		ocr ß∞‹£° "D:\Work\poke-2\res\img\cut_tree.bmp"
2023-10-06 15:31:21		ocr ß∞‹£° "D:\Work\poke-2\res\img\cut_tree.bmp"
2023-10-06 15:41:22		ocr ß∞‹£° "D:\Work\poke-2\res\img\cut_tree.bmp"
2023-10-06 15:51:23		ocr ß∞‹£° "D:\Work\poke-2\res\img\cut_tree.bmp"
2023-10-06 23:39:27		¥∞ø⁄£∫0 ∞Û∂® ß∞‹£¨∑µªÿ÷µ£∫0
2023-10-06 23:39:27		¥∞ø⁄≥ı ºªØ ß∞‹£°
2023-10-07 19:36:51		¥∞ø⁄£∫197516 ∞Û∂® ß∞‹£¨∑µªÿ÷µ£∫0
2023-10-07 19:36:51		¥∞ø⁄≥ı ºªØ ß∞‹£°
